[Fri May 03 19:44:37.560118 2019] [ssl:warn] [pid 13884:tid 588] AH01909: www.example.com:443:0 server certificate does NOT include an ID which matches the server name
[Fri May 03 19:44:37.620114 2019] [ssl:warn] [pid 13884:tid 588] AH01909: www.example.com:443:0 server certificate does NOT include an ID which matches the server name
[Fri May 03 19:44:37.663169 2019] [mpm_winnt:notice] [pid 13884:tid 588] AH00455: Apache/2.4.39 (Win64) OpenSSL/1.1.1b PHP/7.3.4 configured -- resuming normal operations
[Fri May 03 19:44:37.663169 2019] [mpm_winnt:notice] [pid 13884:tid 588] AH00456: Apache Lounge VC15 Server built: Mar 28 2019 11:59:33
[Fri May 03 19:44:37.663169 2019] [core:notice] [pid 13884:tid 588] AH00094: Command line: 'C:\\xampp\\apache\\bin\\httpd.exe -d C:/xampp/apache'
[Fri May 03 19:44:37.670148 2019] [mpm_winnt:notice] [pid 13884:tid 588] AH00418: Parent: Created child process 2720
[Fri May 03 19:44:38.562116 2019] [ssl:warn] [pid 2720:tid 620] AH01909: www.example.com:443:0 server certificate does NOT include an ID which matches the server name
[Fri May 03 19:44:38.622652 2019] [ssl:warn] [pid 2720:tid 620] AH01909: www.example.com:443:0 server certificate does NOT include an ID which matches the server name
[Fri May 03 19:44:38.666115 2019] [mpm_winnt:notice] [pid 2720:tid 620] AH00354: Child: Starting 150 worker threads.
[Fri May 03 19:45:30.569956 2019] [ssl:warn] [pid 10528:tid 664] AH01909: www.example.com:443:0 server certificate does NOT include an ID which matches the server name
[Fri May 03 19:45:30.644957 2019] [ssl:warn] [pid 10528:tid 664] AH01909: www.example.com:443:0 server certificate does NOT include an ID which matches the server name
[Fri May 03 19:45:30.683879 2019] [mpm_winnt:notice] [pid 10528:tid 664] AH00455: Apache/2.4.39 (Win64) OpenSSL/1.1.1b PHP/7.3.4 configured -- resuming normal operations
[Fri May 03 19:45:30.683879 2019] [mpm_winnt:notice] [pid 10528:tid 664] AH00456: Apache Lounge VC15 Server built: Mar 28 2019 11:59:33
[Fri May 03 19:45:30.683957 2019] [core:notice] [pid 10528:tid 664] AH00094: Command line: 'c:\\xampp\\apache\\bin\\httpd.exe -d C:/xampp/apache'
[Fri May 03 19:45:30.687957 2019] [mpm_winnt:notice] [pid 10528:tid 664] AH00418: Parent: Created child process 15124
[Fri May 03 19:45:31.471958 2019] [ssl:warn] [pid 15124:tid 596] AH01909: www.example.com:443:0 server certificate does NOT include an ID which matches the server name
[Fri May 03 19:45:31.531958 2019] [ssl:warn] [pid 15124:tid 596] AH01909: www.example.com:443:0 server certificate does NOT include an ID which matches the server name
[Fri May 03 19:45:31.575957 2019] [mpm_winnt:notice] [pid 15124:tid 596] AH00354: Child: Starting 150 worker threads.
[Sun May 05 09:54:48.382411 2019] [ssl:warn] [pid 5320:tid 588] AH01909: www.example.com:443:0 server certificate does NOT include an ID which matches the server name
[Sun May 05 09:54:48.435584 2019] [core:warn] [pid 5320:tid 588] AH00098: pid file C:/xampp/apache/logs/httpd.pid overwritten -- Unclean shutdown of previous Apache run?
[Sun May 05 09:54:48.442415 2019] [ssl:warn] [pid 5320:tid 588] AH01909: www.example.com:443:0 server certificate does NOT include an ID which matches the server name
[Sun May 05 09:54:48.677415 2019] [mpm_winnt:notice] [pid 5320:tid 588] AH00455: Apache/2.4.39 (Win64) OpenSSL/1.1.1b PHP/7.3.4 configured -- resuming normal operations
[Sun May 05 09:54:48.677415 2019] [mpm_winnt:notice] [pid 5320:tid 588] AH00456: Apache Lounge VC15 Server built: Mar 28 2019 11:59:33
[Sun May 05 09:54:48.677415 2019] [core:notice] [pid 5320:tid 588] AH00094: Command line: 'c:\\xampp\\apache\\bin\\httpd.exe -d C:/xampp/apache'
[Sun May 05 09:54:48.681419 2019] [mpm_winnt:notice] [pid 5320:tid 588] AH00418: Parent: Created child process 12028
[Sun May 05 09:54:49.408416 2019] [ssl:warn] [pid 12028:tid 624] AH01909: www.example.com:443:0 server certificate does NOT include an ID which matches the server name
[Sun May 05 09:54:49.473414 2019] [ssl:warn] [pid 12028:tid 624] AH01909: www.example.com:443:0 server certificate does NOT include an ID which matches the server name
[Sun May 05 09:54:49.510427 2019] [mpm_winnt:notice] [pid 12028:tid 624] AH00354: Child: Starting 150 worker threads.
